This file contains any messages produced by compilers while
running configure, to aid debugging if configure makes a mistake.

It was created by klavaro configure 3.14, which was
generated by GNU Autoconf 2.69.  Invocation command line was

  $ ./configure 

## --------- ##
## Platform. ##
## --------- ##

hostname = TBM-BT-LS006
uname -m = x86_64
uname -r = 5.15.0-69-generic
uname -s = Linux
uname -v = #76~20.04.1-Ubuntu SMP Mon Mar 20 15:54:19 UTC 2023

/usr/bin/uname -p = x86_64
/bin/uname -X     = unknown

/bin/arch              = x86_64
/usr/bin/arch -k       = unknown
/usr/convex/getsysinfo = unknown
/usr/bin/hostinfo      = unknown
/bin/machine           = unknown
/usr/bin/oslevel       = unknown
/bin/universe          = unknown

PATH: /home/jorge/.rbenv/shims
PATH: /home/jorge/.rbenv/bin
PATH: /home/jorge/gems/bin
PATH: /home/jorge/anaconda3/bin
PATH: /home/jorge/anaconda3/condabin
PATH: /usr/local/sbin
PATH: /usr/local/bin
PATH: /usr/sbin
PATH: /usr/bin
PATH: /sbin
PATH: /bin
PATH: /usr/games
PATH: /usr/local/games
PATH: /snap/bin


## ----------- ##
## Core tests. ##
## ----------- ##

configure:2529: checking for gcc
configure:2545: found /usr/bin/gcc
configure:2556: result: gcc
configure:2785: checking for C compiler version
configure:2794: gcc --version >&5
gcc (Ubuntu 9.4.0-1ubuntu1~20.04.1) 9.4.0
Copyright (C) 2019 Free Software Foundation, Inc.
This is free software; see the source for copying conditions.  There is NO
warranty; not even for MERCHANTABILITY or FITNESS FOR A PARTICULAR PURPOSE.

configure:2805: $? = 0
configure:2794: gcc -v >&5
Using built-in specs.
COLLECT_GCC=gcc
COLLECT_LTO_WRAPPER=/usr/lib/gcc/x86_64-linux-gnu/9/lto-wrapper
OFFLOAD_TARGET_NAMES=nvptx-none:hsa
OFFLOAD_TARGET_DEFAULT=1
Target: x86_64-linux-gnu
Configured with: ../src/configure -v --with-pkgversion='Ubuntu 9.4.0-1ubuntu1~20.04.1' --with-bugurl=file:///usr/share/doc/gcc-9/README.Bugs --enable-languages=c,ada,c++,go,brig,d,fortran,objc,obj-c++,gm2 --prefix=/usr --with-gcc-major-version-only --program-suffix=-9 --program-prefix=x86_64-linux-gnu- --enable-shared --enable-linker-build-id --libexecdir=/usr/lib --without-included-gettext --enable-threads=posix --libdir=/usr/lib --enable-nls --enable-clocale=gnu --enable-libstdcxx-debug --enable-libstdcxx-time=yes --with-default-libstdcxx-abi=new --enable-gnu-unique-object --disable-vtable-verify --enable-plugin --enable-default-pie --with-system-zlib --with-target-system-zlib=auto --enable-objc-gc=auto --enable-multiarch --disable-werror --with-arch-32=i686 --with-abi=m64 --with-multilib-list=m32,m64,mx32 --enable-multilib --with-tune=generic --enable-offload-targets=nvptx-none=/build/gcc-9-Av3uEd/gcc-9-9.4.0/debian/tmp-nvptx/usr,hsa --without-cuda-driver --enable-checking=release --build=x86_64-linux-gnu --host=x86_64-linux-gnu --target=x86_64-linux-gnu
Thread model: posix
gcc version 9.4.0 (Ubuntu 9.4.0-1ubuntu1~20.04.1) 
configure:2805: $? = 0
configure:2794: gcc -V >&5
gcc: error: unrecognized command line option '-V'
gcc: fatal error: no input files
compilation terminated.
configure:2805: $? = 1
configure:2794: gcc -qversion >&5
gcc: error: unrecognized command line option '-qversion'; did you mean '--version'?
gcc: fatal error: no input files
compilation terminated.
configure:2805: $? = 1
configure:2825: checking whether the C compiler works
configure:2847: gcc    conftest.c  >&5
configure:2851: $? = 0
configure:2899: result: yes
configure:2902: checking for C compiler default output file name
configure:2904: result: a.out
configure:2910: checking for suffix of executables
configure:2917: gcc -o conftest    conftest.c  >&5
configure:2921: $? = 0
configure:2943: result: 
configure:2965: checking whether we are cross compiling
configure:2973: gcc -o conftest    conftest.c  >&5
configure:2977: $? = 0
configure:2984: ./conftest
configure:2988: $? = 0
configure:2976: result: no
configure:2981: checking for suffix of object files
configure:3003: gcc -c   conftest.c >&5
configure:3007: $? = 0
configure:3028: result: o
configure:3032: checking whether we are using the GNU C compiler
configure:3051: gcc -c   conftest.c >&5
configure:3051: $? = 0
configure:3060: result: yes
configure:3069: checking whether gcc accepts -g
configure:3089: gcc -c -g  conftest.c >&5
configure:3089: $? = 0
configure:3130: result: yes
configure:3147: checking for gcc option to accept ISO C89
configure:3210: gcc  -c -g -O2  conftest.c >&5
configure:3210: $? = 0
configure:3223: result: none needed
configure:3248: checking whether gcc understands -c and -o together
configure:3270: gcc -c conftest.c -o conftest2.o
configure:3273: $? = 0
configure:3270: gcc -c conftest.c -o conftest2.o
configure:3273: $? = 0
configure:3285: result: yes
configure:3303: checking for library containing strerror
configure:3334: gcc -o conftest -g -O2   conftest.c  >&5
configure:3334: $? = 0
configure:3351: result: none required
configure:3407: checking for gcc
configure:3434: result: gcc
configure:3663: checking for C compiler version
configure:3672: gcc --version >&5
gcc (Ubuntu 9.4.0-1ubuntu1~20.04.1) 9.4.0
Copyright (C) 2019 Free Software Foundation, Inc.
This is free software; see the source for copying conditions.  There is NO
warranty; not even for MERCHANTABILITY or FITNESS FOR A PARTICULAR PURPOSE.

configure:3683: $? = 0
configure:3672: gcc -v >&5
Using built-in specs.
COLLECT_GCC=gcc
COLLECT_LTO_WRAPPER=/usr/lib/gcc/x86_64-linux-gnu/9/lto-wrapper
OFFLOAD_TARGET_NAMES=nvptx-none:hsa
OFFLOAD_TARGET_DEFAULT=1
Target: x86_64-linux-gnu
Configured with: ../src/configure -v --with-pkgversion='Ubuntu 9.4.0-1ubuntu1~20.04.1' --with-bugurl=file:///usr/share/doc/gcc-9/README.Bugs --enable-languages=c,ada,c++,go,brig,d,fortran,objc,obj-c++,gm2 --prefix=/usr --with-gcc-major-version-only --program-suffix=-9 --program-prefix=x86_64-linux-gnu- --enable-shared --enable-linker-build-id --libexecdir=/usr/lib --without-included-gettext --enable-threads=posix --libdir=/usr/lib --enable-nls --enable-clocale=gnu --enable-libstdcxx-debug --enable-libstdcxx-time=yes --with-default-libstdcxx-abi=new --enable-gnu-unique-object --disable-vtable-verify --enable-plugin --enable-default-pie --with-system-zlib --with-target-system-zlib=auto --enable-objc-gc=auto --enable-multiarch --disable-werror --with-arch-32=i686 --with-abi=m64 --with-multilib-list=m32,m64,mx32 --enable-multilib --with-tune=generic --enable-offload-targets=nvptx-none=/build/gcc-9-Av3uEd/gcc-9-9.4.0/debian/tmp-nvptx/usr,hsa --without-cuda-driver --enable-checking=release --build=x86_64-linux-gnu --host=x86_64-linux-gnu --target=x86_64-linux-gnu
Thread model: posix
gcc version 9.4.0 (Ubuntu 9.4.0-1ubuntu1~20.04.1) 
configure:3683: $? = 0
configure:3672: gcc -V >&5
gcc: error: unrecognized command line option '-V'
gcc: fatal error: no input files
compilation terminated.
configure:3683: $? = 1
configure:3672: gcc -qversion >&5
gcc: error: unrecognized command line option '-qversion'; did you mean '--version'?
gcc: fatal error: no input files
compilation terminated.
configure:3683: $? = 1
configure:3687: checking whether we are using the GNU C compiler
configure:3715: result: yes
configure:3724: checking whether gcc accepts -g
configure:3785: result: yes
configure:3802: checking for gcc option to accept ISO C89
configure:3878: result: none needed
configure:3903: checking whether gcc understands -c and -o together
configure:3940: result: yes
configure:4015: checking for g++
configure:4031: found /usr/bin/g++
configure:4042: result: g++
configure:4069: checking for C++ compiler version
configure:4078: g++ --version >&5
g++ (Ubuntu 9.4.0-1ubuntu1~20.04.1) 9.4.0
Copyright (C) 2019 Free Software Foundation, Inc.
This is free software; see the source for copying conditions.  There is NO
warranty; not even for MERCHANTABILITY or FITNESS FOR A PARTICULAR PURPOSE.

configure:4089: $? = 0
configure:4078: g++ -v >&5
Using built-in specs.
COLLECT_GCC=g++
COLLECT_LTO_WRAPPER=/usr/lib/gcc/x86_64-linux-gnu/9/lto-wrapper
OFFLOAD_TARGET_NAMES=nvptx-none:hsa
OFFLOAD_TARGET_DEFAULT=1
Target: x86_64-linux-gnu
Configured with: ../src/configure -v --with-pkgversion='Ubuntu 9.4.0-1ubuntu1~20.04.1' --with-bugurl=file:///usr/share/doc/gcc-9/README.Bugs --enable-languages=c,ada,c++,go,brig,d,fortran,objc,obj-c++,gm2 --prefix=/usr --with-gcc-major-version-only --program-suffix=-9 --program-prefix=x86_64-linux-gnu- --enable-shared --enable-linker-build-id --libexecdir=/usr/lib --without-included-gettext --enable-threads=posix --libdir=/usr/lib --enable-nls --enable-clocale=gnu --enable-libstdcxx-debug --enable-libstdcxx-time=yes --with-default-libstdcxx-abi=new --enable-gnu-unique-object --disable-vtable-verify --enable-plugin --enable-default-pie --with-system-zlib --with-target-system-zlib=auto --enable-objc-gc=auto --enable-multiarch --disable-werror --with-arch-32=i686 --with-abi=m64 --with-multilib-list=m32,m64,mx32 --enable-multilib --with-tune=generic --enable-offload-targets=nvptx-none=/build/gcc-9-Av3uEd/gcc-9-9.4.0/debian/tmp-nvptx/usr,hsa --without-cuda-driver --enable-checking=release --build=x86_64-linux-gnu --host=x86_64-linux-gnu --target=x86_64-linux-gnu
Thread model: posix
gcc version 9.4.0 (Ubuntu 9.4.0-1ubuntu1~20.04.1) 
configure:4089: $? = 0
configure:4078: g++ -V >&5
g++: error: unrecognized command line option '-V'
g++: fatal error: no input files
compilation terminated.
configure:4089: $? = 1
configure:4078: g++ -qversion >&5
g++: error: unrecognized command line option '-qversion'; did you mean '--version'?
g++: fatal error: no input files
compilation terminated.
configure:4089: $? = 1
configure:4093: checking whether we are using the GNU C++ compiler
configure:4112: g++ -c   conftest.cpp >&5
configure:4112: $? = 0
configure:4121: result: yes
configure:4130: checking whether g++ accepts -g
configure:4150: g++ -c -g  conftest.cpp >&5
configure:4150: $? = 0
configure:4191: result: yes
configure:4228: checking for a BSD-compatible install
configure:4296: result: /usr/bin/install -c
configure:4307: checking whether make sets $(MAKE)
configure:4329: result: yes
configure:4339: checking whether NLS is requested
configure:4348: result: yes
configure:4376: checking for intltool-update
configure:4394: found /usr/bin/intltool-update
configure:4406: result: /usr/bin/intltool-update
configure:4416: checking for intltool-merge
configure:4434: found /usr/bin/intltool-merge
configure:4446: result: /usr/bin/intltool-merge
configure:4456: checking for intltool-extract
configure:4474: found /usr/bin/intltool-extract
configure:4486: result: /usr/bin/intltool-extract
configure:4640: checking for xgettext
configure:4658: found /usr/bin/xgettext
configure:4670: result: /usr/bin/xgettext
configure:4680: checking for msgmerge
configure:4698: found /usr/bin/msgmerge
configure:4710: result: /usr/bin/msgmerge
configure:4720: checking for msgfmt
configure:4738: found /usr/bin/msgfmt
configure:4750: result: /usr/bin/msgfmt
configure:4760: checking for gmsgfmt
configure:4791: result: /usr/bin/msgfmt
configure:4811: checking for perl
configure:4829: found /usr/bin/perl
configure:4841: result: /usr/bin/perl
configure:4852: checking for perl >= 5.8.1
configure:4859: result: 5.30.0
configure:4863: checking for XML::Parser
configure:4866: result: ok
configure:4882: checking whether build environment is sane
configure:4937: result: yes
configure:5078: checking for a thread-safe mkdir -p
configure:5117: result: /usr/bin/mkdir -p
configure:5124: checking for gawk
configure:5140: found /usr/bin/gawk
configure:5151: result: gawk
configure:5175: checking whether make supports the include directive
configure:5190: make -f confmf.GNU && cat confinc.out
this is the am__doit target
configure:5193: $? = 0
configure:5212: result: yes (GNU style)
configure:5245: checking whether make supports nested variables
configure:5262: result: yes
configure:5351: checking whether UID '1000' is supported by ustar format
configure:5354: result: yes
configure:5361: checking whether GID '1000' is supported by ustar format
configure:5364: result: yes
configure:5372: checking how to create a ustar tar archive
configure:5383: tar --version
tar (GNU tar) 1.30
Copyright (C) 2017 Free Software Foundation, Inc.
License GPLv3+: GNU GPL version 3 or later <https://gnu.org/licenses/gpl.html>.
This is free software: you are free to change and redistribute it.
There is NO WARRANTY, to the extent permitted by law.

Written by John Gilmore and Jay Fenlason.
configure:5386: $? = 0
configure:5426: tardir=conftest.dir && eval tar --format=ustar -chf - "$tardir" >conftest.tar
configure:5429: $? = 0
configure:5433: tar -xf - <conftest.tar
configure:5436: $? = 0
configure:5438: cat conftest.dir/file
GrepMe
configure:5441: $? = 0
configure:5454: result: gnutar
configure:5463: checking dependency style of gcc
configure:5574: result: gcc3
configure:5591: checking dependency style of g++
configure:5702: result: gcc3
configure:5773: checking whether make supports nested variables
configure:5790: result: yes
configure:5850: checking for ar
configure:5866: found /usr/bin/ar
configure:5877: result: ar
configure:5903: checking the archiver (ar) interface
configure:5919: gcc -c -g -O2  conftest.c >&5
configure:5919: $? = 0
configure:5921: ar cru libconftest.a conftest.o >&5
ar: `u' modifier ignored since `D' is the default (see `U')
configure:5924: $? = 0
configure:5923: result: ar
configure:5972: checking build system type
configure:5986: result: x86_64-pc-linux-gnu
configure:6006: checking host system type
configure:6019: result: x86_64-pc-linux-gnu
configure:6060: checking how to print strings
configure:6087: result: printf
configure:6108: checking for a sed that does not truncate output
configure:6172: result: /usr/bin/sed
configure:6190: checking for grep that handles long lines and -e
configure:6248: result: /usr/bin/grep
configure:6253: checking for egrep
configure:6315: result: /usr/bin/grep -E
configure:6320: checking for fgrep
configure:6382: result: /usr/bin/grep -F
configure:6417: checking for ld used by gcc
configure:6484: result: /usr/bin/ld
configure:6491: checking if the linker (/usr/bin/ld) is GNU ld
configure:6506: result: yes
configure:6518: checking for BSD- or MS-compatible name lister (nm)
configure:6572: result: /usr/bin/nm -B
configure:6702: checking the name lister (/usr/bin/nm -B) interface
configure:6709: gcc -c -g -O2  conftest.c >&5
configure:6712: /usr/bin/nm -B "conftest.o"
configure:6715: output
0000000000000000 B some_variable
configure:6716: result: BSD nm
configure:6719: checking whether ln -s works
configure:6723: result: yes
configure:6731: checking the maximum length of command line arguments
configure:6862: result: 1572864
configure:6910: checking how to convert x86_64-pc-linux-gnu file names to x86_64-pc-linux-gnu format
configure:6950: result: func_convert_file_noop
configure:6957: checking how to convert x86_64-pc-linux-gnu file names to toolchain format
configure:6977: result: func_convert_file_noop
configure:6984: checking for /usr/bin/ld option to reload object files
configure:6991: result: -r
configure:7065: checking for objdump
configure:7081: found /usr/bin/objdump
configure:7092: result: objdump
configure:7121: checking how to recognize dependent libraries
configure:7321: result: pass_all
configure:7406: checking for dlltool
configure:7436: result: no
configure:7463: checking how to associate runtime and link libraries
configure:7490: result: printf %s\n
configure:7614: checking for archiver @FILE support
configure:7631: gcc -c -g -O2  conftest.c >&5
configure:7631: $? = 0
configure:7634: ar cr libconftest.a @conftest.lst >&5
configure:7637: $? = 0
configure:7642: ar cr libconftest.a @conftest.lst >&5
ar: conftest.o: No such file or directory
configure:7645: $? = 1
configure:7644: result: @
configure:7702: checking for strip
configure:7718: found /usr/bin/strip
configure:7729: result: strip
configure:7801: checking for ranlib
configure:7817: found /usr/bin/ranlib
configure:7828: result: ranlib
configure:7930: checking command to parse /usr/bin/nm -B output from gcc object
configure:8083: gcc -c -g -O2  conftest.c >&5
configure:8086: $? = 0
configure:8090: /usr/bin/nm -B conftest.o | sed -n -e 's/^.*[	 ]\([ABCDGIRSTW][ABCDGIRSTW]*\)[	 ][	 ]*\([_A-Za-z][_A-Za-z0-9]*\)$/\1 \2 \2/p' | sed '/ __gnu_lto/d' > conftest.nm
configure:8156: gcc -o conftest -g -O2   conftest.c conftstm.o >&5
configure:8159: $? = 0
configure:8197: result: ok
configure:8244: checking for sysroot
configure:8274: result: no
configure:8281: checking for a working dd
configure:8319: result: /usr/bin/dd
configure:8323: checking how to truncate binary pipes
configure:8338: result: /usr/bin/dd bs=4096 count=1
configure:8474: gcc -c -g -O2  conftest.c >&5
configure:8477: $? = 0
configure:8667: checking for mt
configure:8683: found /usr/bin/mt
configure:8694: result: mt
configure:8717: checking if mt is a manifest tool
configure:8723: mt '-?'
configure:8731: result: no
configure:9408: checking how to run the C preprocessor
configure:9439: gcc -E  conftest.c
configure:9439: $? = 0
configure:9453: gcc -E  conftest.c
conftest.c:11:10: fatal error: ac_nonexistent.h: No such file or directory
   11 | #include <ac_nonexistent.h>
      |          ^~~~~~~~~~~~~~~~~~
compilation terminated.
configure:9453: $? = 1
configure: failed program was:
| /* confdefs.h */
| #define PACKAGE_NAME "klavaro"
| #define PACKAGE_TARNAME "klavaro"
| #define PACKAGE_VERSION "3.14"
| #define PACKAGE_STRING "klavaro 3.14"
| #define PACKAGE_BUGREPORT "fefcas.at.gmail.com"
| #define PACKAGE_URL ""
| #define PACKAGE "klavaro"
| #define VERSION "3.14"
| /* end confdefs.h.  */
| #include <ac_nonexistent.h>
configure:9478: result: gcc -E
configure:9498: gcc -E  conftest.c
configure:9498: $? = 0
configure:9512: gcc -E  conftest.c
conftest.c:11:10: fatal error: ac_nonexistent.h: No such file or directory
   11 | #include <ac_nonexistent.h>
      |          ^~~~~~~~~~~~~~~~~~
compilation terminated.
configure:9512: $? = 1
configure: failed program was:
| /* confdefs.h */
| #define PACKAGE_NAME "klavaro"
| #define PACKAGE_TARNAME "klavaro"
| #define PACKAGE_VERSION "3.14"
| #define PACKAGE_STRING "klavaro 3.14"
| #define PACKAGE_BUGREPORT "fefcas.at.gmail.com"
| #define PACKAGE_URL ""
| #define PACKAGE "klavaro"
| #define VERSION "3.14"
| /* end confdefs.h.  */
| #include <ac_nonexistent.h>
configure:9541: checking for ANSI C header files
configure:9561: gcc -c -g -O2  conftest.c >&5
configure:9561: $? = 0
configure:9634: gcc -o conftest -g -O2   conftest.c  >&5
configure:9634: $? = 0
configure:9634: ./conftest
configure:9634: $? = 0
configure:9645: result: yes
configure:9658: checking for sys/types.h
configure:9658: gcc -c -g -O2  conftest.c >&5
configure:9658: $? = 0
configure:9658: result: yes
configure:9658: checking for sys/stat.h
configure:9658: gcc -c -g -O2  conftest.c >&5
configure:9658: $? = 0
configure:9658: result: yes
configure:9658: checking for stdlib.h
configure:9658: gcc -c -g -O2  conftest.c >&5
configure:9658: $? = 0
configure:9658: result: yes
configure:9658: checking for string.h
configure:9658: gcc -c -g -O2  conftest.c >&5
configure:9658: $? = 0
configure:9658: result: yes
configure:9658: checking for memory.h
configure:9658: gcc -c -g -O2  conftest.c >&5
configure:9658: $? = 0
configure:9658: result: yes
configure:9658: checking for strings.h
configure:9658: gcc -c -g -O2  conftest.c >&5
configure:9658: $? = 0
configure:9658: result: yes
configure:9658: checking for inttypes.h
configure:9658: gcc -c -g -O2  conftest.c >&5
configure:9658: $? = 0
configure:9658: result: yes
configure:9658: checking for stdint.h
configure:9658: gcc -c -g -O2  conftest.c >&5
configure:9658: $? = 0
configure:9658: result: yes
configure:9658: checking for unistd.h
configure:9658: gcc -c -g -O2  conftest.c >&5
configure:9658: $? = 0
configure:9658: result: yes
configure:9672: checking for dlfcn.h
configure:9672: gcc -c -g -O2  conftest.c >&5
configure:9672: $? = 0
configure:9672: result: yes
configure:10237: checking for objdir
configure:10252: result: .libs
configure:10516: checking if gcc supports -fno-rtti -fno-exceptions
configure:10534: gcc -c -g -O2  -fno-rtti -fno-exceptions conftest.c >&5
cc1: warning: command line option '-fno-rtti' is valid for C++/D/ObjC++ but not for C
configure:10538: $? = 0
configure:10551: result: no
configure:10915: checking for gcc option to produce PIC
configure:10922: result: -fPIC -DPIC
configure:10930: checking if gcc PIC flag -fPIC -DPIC works
configure:10948: gcc -c -g -O2  -fPIC -DPIC -DPIC conftest.c >&5
configure:10952: $? = 0
configure:10965: result: yes
configure:10994: checking if gcc static flag -static works
configure:11022: result: yes
configure:11037: checking if gcc supports -c -o file.o
configure:11058: gcc -c -g -O2  -o out/conftest2.o conftest.c >&5
configure:11062: $? = 0
configure:11084: result: yes
configure:11092: checking if gcc supports -c -o file.o
configure:11139: result: yes
configure:11172: checking whether the gcc linker (/usr/bin/ld -m elf_x86_64) supports shared libraries
configure:12435: result: yes
configure:12472: checking whether -lc should be explicitly linked in
configure:12480: gcc -c -g -O2  conftest.c >&5
configure:12483: $? = 0
configure:12498: gcc -shared  -fPIC -DPIC conftest.o  -v -Wl,-soname -Wl,conftest -o conftest 2\>\&1 \| /usr/bin/grep  -lc  \>/dev/null 2\>\&1
configure:12501: $? = 0
configure:12515: result: no
configure:12675: checking dynamic linker characteristics
configure:13256: gcc -o conftest -g -O2   -Wl,-rpath -Wl,/foo conftest.c  >&5
configure:13256: $? = 0
configure:13505: result: GNU/Linux ld.so
configure:13627: checking how to hardcode library paths into programs
configure:13652: result: immediate
configure:14200: checking whether stripping libraries is possible
configure:14205: result: yes
configure:14240: checking if libtool supports shared libraries
configure:14242: result: yes
configure:14245: checking whether to build shared libraries
configure:14270: result: yes
configure:14273: checking whether to build static libraries
configure:14277: result: yes
configure:11076: checking how to run the C++ preprocessor
configure:11103: g++ -E  conftest.cpp
configure:11103: $? = 0
configure:11117: g++ -E  conftest.cpp
conftest.cpp:23:10: fatal error: ac_nonexistent.h: No such file or directory
   23 | #include <ac_nonexistent.h>
      |          ^~~~~~~~~~~~~~~~~~
compilation terminated.
configure:11117: $? = 1
configure: failed program was:
| /* confdefs.h */
| #define PACKAGE_NAME "klavaro"
| #define PACKAGE_TARNAME "klavaro"
| #define PACKAGE_VERSION "3.14"
| #define PACKAGE_STRING "klavaro 3.14"
| #define PACKAGE_BUGREPORT "fefcas.at.gmail.com"
| #define PACKAGE_URL ""
| #define PACKAGE "klavaro"
| #define VERSION "3.14"
| #define STDC_HEADERS 1
| #define HAVE_SYS_TYPES_H 1
| #define HAVE_SYS_STAT_H 1
| #define HAVE_STDLIB_H 1
| #define HAVE_STRING_H 1
| #define HAVE_MEMORY_H 1
| #define HAVE_STRINGS_H 1
| #define HAVE_INTTYPES_H 1
| #define HAVE_STDINT_H 1
| #define HAVE_UNISTD_H 1
| #define HAVE_DLFCN_H 1
| #define LT_OBJDIR ".libs/"
| /* end confdefs.h.  */
| #include <ac_nonexistent.h>
configure:11142: result: g++ -E
configure:11162: g++ -E  conftest.cpp
configure:11162: $? = 0
configure:11176: g++ -E  conftest.cpp
conftest.cpp:23:10: fatal error: ac_nonexistent.h: No such file or directory
   23 | #include <ac_nonexistent.h>
      |          ^~~~~~~~~~~~~~~~~~
compilation terminated.
configure:11176: $? = 1
configure: failed program was:
| /* confdefs.h */
| #define PACKAGE_NAME "klavaro"
| #define PACKAGE_TARNAME "klavaro"
| #define PACKAGE_VERSION "3.14"
| #define PACKAGE_STRING "klavaro 3.14"
| #define PACKAGE_BUGREPORT "fefcas.at.gmail.com"
| #define PACKAGE_URL ""
| #define PACKAGE "klavaro"
| #define VERSION "3.14"
| #define STDC_HEADERS 1
| #define HAVE_SYS_TYPES_H 1
| #define HAVE_SYS_STAT_H 1
| #define HAVE_STDLIB_H 1
| #define HAVE_STRING_H 1
| #define HAVE_MEMORY_H 1
| #define HAVE_STRINGS_H 1
| #define HAVE_INTTYPES_H 1
| #define HAVE_STDINT_H 1
| #define HAVE_UNISTD_H 1
| #define HAVE_DLFCN_H 1
| #define LT_OBJDIR ".libs/"
| /* end confdefs.h.  */
| #include <ac_nonexistent.h>
configure:11338: checking for ld used by g++
configure:11405: result: /usr/bin/ld -m elf_x86_64
configure:11412: checking if the linker (/usr/bin/ld -m elf_x86_64) is GNU ld
configure:11427: result: yes
configure:11482: checking whether the g++ linker (/usr/bin/ld -m elf_x86_64) supports shared libraries
configure:12555: result: yes
configure:12591: g++ -c -g -O2  conftest.cpp >&5
configure:12594: $? = 0
configure:13075: checking for g++ option to produce PIC
configure:13082: result: -fPIC -DPIC
configure:13090: checking if g++ PIC flag -fPIC -DPIC works
configure:13108: g++ -c -g -O2  -fPIC -DPIC -DPIC conftest.cpp >&5
configure:13112: $? = 0
configure:13125: result: yes
configure:13148: checking if g++ static flag -static works
configure:13176: result: yes
configure:13188: checking if g++ supports -c -o file.o
configure:13209: g++ -c -g -O2  -o out/conftest2.o conftest.cpp >&5
configure:13213: $? = 0
configure:13235: result: yes
configure:13240: checking if g++ supports -c -o file.o
configure:13287: result: yes
configure:13317: checking whether the g++ linker (/usr/bin/ld -m elf_x86_64) supports shared libraries
configure:13360: result: yes
configure:13501: checking dynamic linker characteristics
configure:14258: result: GNU/Linux ld.so
configure:14323: checking how to hardcode library paths into programs
configure:14348: result: immediate
configure:13295: checking for pkg-config
configure:13313: found /usr/bin/pkg-config
configure:13325: result: /usr/bin/pkg-config
configure:13350: checking pkg-config is at least version 0.9.0
configure:13353: result: yes
configure:13363: checking for gtkdatabox >= 1.0.0
configure:13370: $PKG_CONFIG --exists --print-errors "gtkdatabox >= 1.0.0"
configure:13373: $? = 0
configure:13387: $PKG_CONFIG --exists --print-errors "gtkdatabox >= 1.0.0"
configure:13390: $? = 0
configure:13428: result: yes
configure:13437: checking libintl.h usability
configure:13437: gcc -c -g -O2  conftest.c >&5
configure:13437: $? = 0
configure:13437: result: yes
configure:13437: checking libintl.h presence
configure:13437: gcc -E  conftest.c
configure:13437: $? = 0
configure:13437: result: yes
configure:13437: checking for libintl.h
configure:13437: result: yes
configure:13437: checking curl/curl.h usability
configure:13437: gcc -c -g -O2  conftest.c >&5
configure:13437: $? = 0
configure:13437: result: yes
configure:13437: checking curl/curl.h presence
configure:13437: gcc -E  conftest.c
configure:13437: $? = 0
configure:13437: result: yes
configure:13437: checking for curl/curl.h
configure:13437: result: yes
configure:13437: checking gtkdatabox.h usability
configure:13437: gcc -c -g -O2  conftest.c >&5
In file included from /usr/local/include/gtkdatabox.h:23,
                 from conftest.c:58:
/usr/local/include/gtkdatabox_typedefs.h:23:10: fatal error: gdk/gdk.h: No such file or directory
   23 | #include <gdk/gdk.h>
      |          ^~~~~~~~~~~
compilation terminated.
configure:13437: $? = 1
configure: failed program was:
| /* confdefs.h */
| #define PACKAGE_NAME "klavaro"
| #define PACKAGE_TARNAME "klavaro"
| #define PACKAGE_VERSION "3.14"
| #define PACKAGE_STRING "klavaro 3.14"
| #define PACKAGE_BUGREPORT "fefcas.at.gmail.com"
| #define PACKAGE_URL ""
| #define PACKAGE "klavaro"
| #define VERSION "3.14"
| #define STDC_HEADERS 1
| #define HAVE_SYS_TYPES_H 1
| #define HAVE_SYS_STAT_H 1
| #define HAVE_STDLIB_H 1
| #define HAVE_STRING_H 1
| #define HAVE_MEMORY_H 1
| #define HAVE_STRINGS_H 1
| #define HAVE_INTTYPES_H 1
| #define HAVE_STDINT_H 1
| #define HAVE_UNISTD_H 1
| #define HAVE_DLFCN_H 1
| #define LT_OBJDIR ".libs/"
| #define HAVE_LIBINTL_H 1
| #define HAVE_CURL_CURL_H 1
| /* end confdefs.h.  */
| #include <stdio.h>
| #ifdef HAVE_SYS_TYPES_H
| # include <sys/types.h>
| #endif
| #ifdef HAVE_SYS_STAT_H
| # include <sys/stat.h>
| #endif
| #ifdef STDC_HEADERS
| # include <stdlib.h>
| # include <stddef.h>
| #else
| # ifdef HAVE_STDLIB_H
| #  include <stdlib.h>
| # endif
| #endif
| #ifdef HAVE_STRING_H
| # if !defined STDC_HEADERS && defined HAVE_MEMORY_H
| #  include <memory.h>
| # endif
| # include <string.h>
| #endif
| #ifdef HAVE_STRINGS_H
| # include <strings.h>
| #endif
| #ifdef HAVE_INTTYPES_H
| # include <inttypes.h>
| #endif
| #ifdef HAVE_STDINT_H
| # include <stdint.h>
| #endif
| #ifdef HAVE_UNISTD_H
| # include <unistd.h>
| #endif
| #include <gtkdatabox.h>
configure:13437: result: no
configure:13437: checking gtkdatabox.h presence
configure:13437: gcc -E  conftest.c
In file included from /usr/local/include/gtkdatabox.h:23,
                 from conftest.c:25:
/usr/local/include/gtkdatabox_typedefs.h:23:10: fatal error: gdk/gdk.h: No such file or directory
   23 | #include <gdk/gdk.h>
      |          ^~~~~~~~~~~
compilation terminated.
configure:13437: $? = 1
configure: failed program was:
| /* confdefs.h */
| #define PACKAGE_NAME "klavaro"
| #define PACKAGE_TARNAME "klavaro"
| #define PACKAGE_VERSION "3.14"
| #define PACKAGE_STRING "klavaro 3.14"
| #define PACKAGE_BUGREPORT "fefcas.at.gmail.com"
| #define PACKAGE_URL ""
| #define PACKAGE "klavaro"
| #define VERSION "3.14"
| #define STDC_HEADERS 1
| #define HAVE_SYS_TYPES_H 1
| #define HAVE_SYS_STAT_H 1
| #define HAVE_STDLIB_H 1
| #define HAVE_STRING_H 1
| #define HAVE_MEMORY_H 1
| #define HAVE_STRINGS_H 1
| #define HAVE_INTTYPES_H 1
| #define HAVE_STDINT_H 1
| #define HAVE_UNISTD_H 1
| #define HAVE_DLFCN_H 1
| #define LT_OBJDIR ".libs/"
| #define HAVE_LIBINTL_H 1
| #define HAVE_CURL_CURL_H 1
| /* end confdefs.h.  */
| #include <gtkdatabox.h>
configure:13437: result: no
configure:13437: checking for gtkdatabox.h
configure:13437: result: no
configure:13447: checking for gtk_databox_new in -lgtkdatabox
configure:13472: gcc -o conftest -g -O2   conftest.c -lgtkdatabox   >&5
configure:13472: $? = 0
configure:13481: result: yes
configure:13499: checking for gtk+-3.0 >= gtk_required_version
configure:13506: $PKG_CONFIG --exists --print-errors "gtk+-3.0 >= gtk_required_version"
configure:13509: $? = 0
configure:13523: $PKG_CONFIG --exists --print-errors "gtk+-3.0 >= gtk_required_version"
configure:13526: $? = 0
configure:13584: result: yes
configure:13590: checking for gdk-3.0 >= gtk_required_version
configure:13597: $PKG_CONFIG --exists --print-errors "gdk-3.0 >= gtk_required_version"
configure:13600: $? = 0
configure:13614: $PKG_CONFIG --exists --print-errors "gdk-3.0 >= gtk_required_version"
configure:13617: $? = 0
configure:13675: result: yes
configure:13681: checking for pango >= pango_required_version
configure:13688: $PKG_CONFIG --exists --print-errors "pango >= pango_required_version"
configure:13691: $? = 0
configure:13705: $PKG_CONFIG --exists --print-errors "pango >= pango_required_version"
configure:13708: $? = 0
configure:13766: result: yes
configure:13772: checking for cairo >= cairo_required_version
configure:13779: $PKG_CONFIG --exists --print-errors "cairo >= cairo_required_version"
configure:13782: $? = 0
configure:13796: $PKG_CONFIG --exists --print-errors "cairo >= cairo_required_version"
configure:13799: $? = 0
configure:13857: result: yes
configure:13864: checking for curl_global_init in -lcurl
configure:13889: gcc -o conftest -g -O2   conftest.c -lcurl  -lgtkdatabox  >&5
configure:13889: $? = 0
configure:13898: result: yes
configure:13909: checking for sqrt in -lm
configure:13934: gcc -o conftest -g -O2   conftest.c -lm  -lcurl -lgtkdatabox  >&5
conftest.c:34:6: warning: conflicting types for built-in function 'sqrt'; expected 'double(double)' [-Wbuiltin-declaration-mismatch]
   34 | char sqrt ();
      |      ^~~~
conftest.c:1:1: note: 'sqrt' is declared in header '<math.h>'
    1 | /* confdefs.h */
configure:13934: $? = 0
configure:13943: result: yes
configure:14090: checking that generated files are newer than configure
configure:14096: result: done
configure:14131: creating ./config.status

## ---------------------- ##
## Running config.status. ##
## ---------------------- ##

This file was extended by klavaro config.status 3.14, which was
generated by GNU Autoconf 2.69.  Invocation command line was

  CONFIG_FILES    = 
  CONFIG_HEADERS  = 
  CONFIG_LINKS    = 
  CONFIG_COMMANDS = 
  $ ./config.status 

on TBM-BT-LS006

config.status:1257: creating Makefile
config.status:1257: creating src/Makefile
config.status:1257: creating po/Makefile.in
config.status:1257: creating doc/Makefile
config.status:1257: creating data/Makefile
config.status:1257: creating data/icons/Makefile
config.status:1257: creating data/icons/hicolor/Makefile
config.status:1257: creating data/icons/hicolor/16x16/Makefile
config.status:1257: creating data/icons/hicolor/16x16/apps/Makefile
config.status:1257: creating data/icons/hicolor/22x22/Makefile
config.status:1257: creating data/icons/hicolor/22x22/apps/Makefile
config.status:1257: creating data/icons/hicolor/24x24/Makefile
config.status:1257: creating data/icons/hicolor/24x24/apps/Makefile
config.status:1257: creating data/icons/hicolor/32x32/Makefile
config.status:1257: creating data/icons/hicolor/32x32/apps/Makefile
config.status:1257: creating data/icons/hicolor/48x48/Makefile
config.status:1257: creating data/icons/hicolor/48x48/apps/Makefile
config.status:1257: creating data/icons/hicolor/64x64/Makefile
config.status:1257: creating data/icons/hicolor/64x64/apps/Makefile
config.status:1257: creating data/icons/hicolor/96x96/Makefile
config.status:1257: creating data/icons/hicolor/96x96/apps/Makefile
config.status:1257: creating config.h
config.status:1486: executing depfiles commands
config.status:1563: cd src       && sed -e '/# am--include-marker/d' Makefile         | make -f - am--depfiles
make: Nothing to be done for 'am--depfiles'.
config.status:1568: $? = 0
config.status:1486: executing libtool commands
config.status:1486: executing po/stamp-it commands

## ---------------- ##
## Cache variables. ##
## ---------------- ##

ac_cv_build=x86_64-pc-linux-gnu
ac_cv_c_compiler_gnu=yes
ac_cv_cxx_compiler_gnu=yes
ac_cv_env_CAIRO_CFLAGS_set=
ac_cv_env_CAIRO_CFLAGS_value=
ac_cv_env_CAIRO_LIBS_set=
ac_cv_env_CAIRO_LIBS_value=
ac_cv_env_CCC_set=
ac_cv_env_CCC_value=
ac_cv_env_CC_set=
ac_cv_env_CC_value=
ac_cv_env_CFLAGS_set=
ac_cv_env_CFLAGS_value=
ac_cv_env_CPPFLAGS_set=
ac_cv_env_CPPFLAGS_value=
ac_cv_env_CPP_set=
ac_cv_env_CPP_value=
ac_cv_env_CXXCPP_set=
ac_cv_env_CXXCPP_value=
ac_cv_env_CXXFLAGS_set=
ac_cv_env_CXXFLAGS_value=
ac_cv_env_CXX_set=
ac_cv_env_CXX_value=
ac_cv_env_GDK_CFLAGS_set=
ac_cv_env_GDK_CFLAGS_value=
ac_cv_env_GDK_LIBS_set=
ac_cv_env_GDK_LIBS_value=
ac_cv_env_GTKDATABOX_CFLAGS_set=
ac_cv_env_GTKDATABOX_CFLAGS_value=
ac_cv_env_GTKDATABOX_LIBS_set=
ac_cv_env_GTKDATABOX_LIBS_value=
ac_cv_env_GTK_CFLAGS_set=
ac_cv_env_GTK_CFLAGS_value=
ac_cv_env_GTK_LIBS_set=
ac_cv_env_GTK_LIBS_value=
ac_cv_env_LDFLAGS_set=
ac_cv_env_LDFLAGS_value=
ac_cv_env_LIBS_set=
ac_cv_env_LIBS_value=
ac_cv_env_LT_SYS_LIBRARY_PATH_set=
ac_cv_env_LT_SYS_LIBRARY_PATH_value=
ac_cv_env_PANGO_CFLAGS_set=
ac_cv_env_PANGO_CFLAGS_value=
ac_cv_env_PANGO_LIBS_set=
ac_cv_env_PANGO_LIBS_value=
ac_cv_env_PKG_CONFIG_LIBDIR_set=
ac_cv_env_PKG_CONFIG_LIBDIR_value=
ac_cv_env_PKG_CONFIG_PATH_set=
ac_cv_env_PKG_CONFIG_PATH_value=
ac_cv_env_PKG_CONFIG_set=
ac_cv_env_PKG_CONFIG_value=
ac_cv_env_build_alias_set=
ac_cv_env_build_alias_value=
ac_cv_env_host_alias_set=
ac_cv_env_host_alias_value=
ac_cv_env_target_alias_set=
ac_cv_env_target_alias_value=
ac_cv_header_curl_curl_h=yes
ac_cv_header_dlfcn_h=yes
ac_cv_header_gtkdatabox_h=no
ac_cv_header_inttypes_h=yes
ac_cv_header_libintl_h=yes
ac_cv_header_memory_h=yes
ac_cv_header_stdc=yes
ac_cv_header_stdint_h=yes
ac_cv_header_stdlib_h=yes
ac_cv_header_string_h=yes
ac_cv_header_strings_h=yes
ac_cv_header_sys_stat_h=yes
ac_cv_header_sys_types_h=yes
ac_cv_header_unistd_h=yes
ac_cv_host=x86_64-pc-linux-gnu
ac_cv_lib_curl_curl_global_init=yes
ac_cv_lib_gtkdatabox_gtk_databox_new=yes
ac_cv_lib_m_sqrt=yes
ac_cv_objext=o
ac_cv_path_EGREP='/usr/bin/grep -E'
ac_cv_path_FGREP='/usr/bin/grep -F'
ac_cv_path_GMSGFMT=/usr/bin/msgfmt
ac_cv_path_GREP=/usr/bin/grep
ac_cv_path_INTLTOOL_EXTRACT=/usr/bin/intltool-extract
ac_cv_path_INTLTOOL_MERGE=/usr/bin/intltool-merge
ac_cv_path_INTLTOOL_PERL=/usr/bin/perl
ac_cv_path_INTLTOOL_UPDATE=/usr/bin/intltool-update
ac_cv_path_MSGFMT=/usr/bin/msgfmt
ac_cv_path_MSGMERGE=/usr/bin/msgmerge
ac_cv_path_SED=/usr/bin/sed
ac_cv_path_XGETTEXT=/usr/bin/xgettext
ac_cv_path_ac_pt_PKG_CONFIG=/usr/bin/pkg-config
ac_cv_path_install='/usr/bin/install -c'
ac_cv_path_lt_DD=/usr/bin/dd
ac_cv_path_mkdir=/usr/bin/mkdir
ac_cv_prog_AWK=gawk
ac_cv_prog_CPP='gcc -E'
ac_cv_prog_CXXCPP='g++ -E'
ac_cv_prog_ac_ct_AR=ar
ac_cv_prog_ac_ct_CC=gcc
ac_cv_prog_ac_ct_CXX=g++
ac_cv_prog_ac_ct_MANIFEST_TOOL=mt
ac_cv_prog_ac_ct_OBJDUMP=objdump
ac_cv_prog_ac_ct_RANLIB=ranlib
ac_cv_prog_ac_ct_STRIP=strip
ac_cv_prog_cc_c89=
ac_cv_prog_cc_g=yes
ac_cv_prog_cxx_g=yes
ac_cv_prog_make_make_set=yes
ac_cv_search_strerror='none required'
am_cv_CC_dependencies_compiler_type=gcc3
am_cv_CXX_dependencies_compiler_type=gcc3
am_cv_ar_interface=ar
am_cv_make_support_nested_variables=yes
am_cv_prog_cc_c_o=yes
am_cv_prog_tar_ustar=gnutar
lt_cv_ar_at_file=@
lt_cv_archive_cmds_need_lc=no
lt_cv_deplibs_check_method=pass_all
lt_cv_file_magic_cmd='$MAGIC_CMD'
lt_cv_file_magic_test_file=
lt_cv_ld_reload_flag=-r
lt_cv_nm_interface='BSD nm'
lt_cv_objdir=.libs
lt_cv_path_LD=/usr/bin/ld
lt_cv_path_LDCXX='/usr/bin/ld -m elf_x86_64'
lt_cv_path_NM='/usr/bin/nm -B'
lt_cv_path_mainfest_tool=no
lt_cv_prog_compiler_c_o=yes
lt_cv_prog_compiler_c_o_CXX=yes
lt_cv_prog_compiler_pic='-fPIC -DPIC'
lt_cv_prog_compiler_pic_CXX='-fPIC -DPIC'
lt_cv_prog_compiler_pic_works=yes
lt_cv_prog_compiler_pic_works_CXX=yes
lt_cv_prog_compiler_rtti_exceptions=no
lt_cv_prog_compiler_static_works=yes
lt_cv_prog_compiler_static_works_CXX=yes
lt_cv_prog_gnu_ld=yes
lt_cv_prog_gnu_ldcxx=yes
lt_cv_sharedlib_from_linklib_cmd='printf %s\n'
lt_cv_shlibpath_overrides_runpath=yes
lt_cv_sys_global_symbol_pipe='sed -n -e '\''s/^.*[	 ]\([ABCDGIRSTW][ABCDGIRSTW]*\)[	 ][	 ]*\([_A-Za-z][_A-Za-z0-9]*\)$/\1 \2 \2/p'\'' | sed '\''/ __gnu_lto/d'\'''
lt_cv_sys_global_symbol_to_c_name_address='sed -n -e '\''s/^: \(.*\) .*$/  {"\1", (void *) 0},/p'\'' -e '\''s/^[ABCDGIRSTW][ABCDGIRSTW]* .* \(.*\)$/  {"\1", (void *) \&\1},/p'\'''
lt_cv_sys_global_symbol_to_c_name_address_lib_prefix='sed -n -e '\''s/^: \(.*\) .*$/  {"\1", (void *) 0},/p'\'' -e '\''s/^[ABCDGIRSTW][ABCDGIRSTW]* .* \(lib.*\)$/  {"\1", (void *) \&\1},/p'\'' -e '\''s/^[ABCDGIRSTW][ABCDGIRSTW]* .* \(.*\)$/  {"lib\1", (void *) \&\1},/p'\'''
lt_cv_sys_global_symbol_to_cdecl='sed -n -e '\''s/^T .* \(.*\)$/extern int \1();/p'\'' -e '\''s/^[ABCDGIRSTW][ABCDGIRSTW]* .* \(.*\)$/extern char \1;/p'\'''
lt_cv_sys_global_symbol_to_import=
lt_cv_sys_max_cmd_len=1572864
lt_cv_to_host_file_cmd=func_convert_file_noop
lt_cv_to_tool_file_cmd=func_convert_file_noop
lt_cv_truncate_bin='/usr/bin/dd bs=4096 count=1'
pkg_cv_CAIRO_CFLAGS='-I/usr/include/cairo -I/usr/include/glib-2.0 -I/usr/lib/x86_64-linux-gnu/glib-2.0/include -I/usr/include/pixman-1 -I/usr/include/uuid -I/usr/include/freetype2 -I/usr/include/libpng16'
pkg_cv_CAIRO_LIBS=-lcairo
pkg_cv_GDK_CFLAGS='-pthread -I/usr/include/gtk-3.0 -I/usr/include/gio-unix-2.0 -I/usr/include/cairo -I/usr/include/pango-1.0 -I/usr/include/fribidi -I/usr/include/harfbuzz -I/usr/include/gdk-pixbuf-2.0 -I/usr/include/libmount -I/usr/include/blkid -I/usr/include/cairo -I/usr/include/pixman-1 -I/usr/include/uuid -I/usr/include/freetype2 -I/usr/include/libpng16 -I/usr/include/glib-2.0 -I/usr/lib/x86_64-linux-gnu/glib-2.0/include'
pkg_cv_GDK_LIBS='-lgdk-3 -lpangocairo-1.0 -lpango-1.0 -lharfbuzz -lgdk_pixbuf-2.0 -lcairo-gobject -lcairo -lgobject-2.0 -lglib-2.0'
pkg_cv_GTKDATABOX_CFLAGS='-pthread -I/usr/local/include -I/usr/include/gtk-3.0 -I/usr/include/at-spi2-atk/2.0 -I/usr/include/at-spi-2.0 -I/usr/include/dbus-1.0 -I/usr/lib/x86_64-linux-gnu/dbus-1.0/include -I/usr/include/gtk-3.0 -I/usr/include/gio-unix-2.0 -I/usr/include/cairo -I/usr/include/pango-1.0 -I/usr/include/atk-1.0 -I/usr/include/cairo -I/usr/include/gdk-pixbuf-2.0 -I/usr/include/libmount -I/usr/include/blkid -I/usr/include/pango-1.0 -I/usr/include/fribidi -I/usr/include/harfbuzz -I/usr/include/cairo -I/usr/include/glib-2.0 -I/usr/lib/x86_64-linux-gnu/glib-2.0/include -I/usr/include/pixman-1 -I/usr/include/uuid -I/usr/include/freetype2 -I/usr/include/libpng16'
pkg_cv_GTKDATABOX_LIBS='-L/usr/local/lib -lgtkdatabox -lgtk-3 -lgdk-3 -lpangocairo-1.0 -latk-1.0 -lcairo-gobject -lgdk_pixbuf-2.0 -lgio-2.0 -lpango-1.0 -lgobject-2.0 -lglib-2.0 -lharfbuzz -lcairo'
pkg_cv_GTK_CFLAGS='-pthread -I/usr/include/gtk-3.0 -I/usr/include/at-spi2-atk/2.0 -I/usr/include/at-spi-2.0 -I/usr/include/dbus-1.0 -I/usr/lib/x86_64-linux-gnu/dbus-1.0/include -I/usr/include/gtk-3.0 -I/usr/include/gio-unix-2.0 -I/usr/include/cairo -I/usr/include/pango-1.0 -I/usr/include/fribidi -I/usr/include/harfbuzz -I/usr/include/atk-1.0 -I/usr/include/cairo -I/usr/include/pixman-1 -I/usr/include/uuid -I/usr/include/freetype2 -I/usr/include/libpng16 -I/usr/include/gdk-pixbuf-2.0 -I/usr/include/libmount -I/usr/include/blkid -I/usr/include/glib-2.0 -I/usr/lib/x86_64-linux-gnu/glib-2.0/include'
pkg_cv_GTK_LIBS='-lgtk-3 -lgdk-3 -lpangocairo-1.0 -lpango-1.0 -lharfbuzz -latk-1.0 -lcairo-gobject -lcairo -lgdk_pixbuf-2.0 -lgio-2.0 -lgobject-2.0 -lglib-2.0'
pkg_cv_PANGO_CFLAGS='-I/usr/include/pango-1.0 -I/usr/include/fribidi -I/usr/include/cairo -I/usr/include/pixman-1 -I/usr/include/uuid -I/usr/include/freetype2 -I/usr/include/libpng16 -I/usr/include/harfbuzz -I/usr/include/glib-2.0 -I/usr/lib/x86_64-linux-gnu/glib-2.0/include'
pkg_cv_PANGO_LIBS='-lpango-1.0 -lgobject-2.0 -lglib-2.0 -lharfbuzz'

## ----------------- ##
## Output variables. ##
## ----------------- ##

ACLOCAL='${SHELL} '\''/home/jorge/Project/Klavaro-Indonesia-Translation/build-aux/missing'\'' aclocal-1.16'
ALL_LINGUAS=''
AMDEPBACKSLASH='\'
AMDEP_FALSE='#'
AMDEP_TRUE=''
AMTAR='$${TAR-tar}'
AM_BACKSLASH='\'
AM_DEFAULT_V='$(AM_DEFAULT_VERBOSITY)'
AM_DEFAULT_VERBOSITY='0'
AM_V='$(V)'
AR='ar'
AS='as'
AUTOCONF='${SHELL} '\''/home/jorge/Project/Klavaro-Indonesia-Translation/build-aux/missing'\'' autoconf'
AUTOHEADER='${SHELL} '\''/home/jorge/Project/Klavaro-Indonesia-Translation/build-aux/missing'\'' autoheader'
AUTOMAKE='${SHELL} '\''/home/jorge/Project/Klavaro-Indonesia-Translation/build-aux/missing'\'' automake-1.16'
AWK='gawk'
CAIRO_CFLAGS='-I/usr/include/cairo -I/usr/include/glib-2.0 -I/usr/lib/x86_64-linux-gnu/glib-2.0/include -I/usr/include/pixman-1 -I/usr/include/uuid -I/usr/include/freetype2 -I/usr/include/libpng16'
CAIRO_LIBS='-lcairo'
CC='gcc'
CCDEPMODE='depmode=gcc3'
CFLAGS='-g -O2'
CPP='gcc -E'
CPPFLAGS=''
CXX='g++'
CXXCPP='g++ -E'
CXXDEPMODE='depmode=gcc3'
CXXFLAGS='-g -O2'
CYGPATH_W='echo'
DEFS='-DHAVE_CONFIG_H'
DEPDIR='.deps'
DLLTOOL='false'
DSYMUTIL=''
DUMPBIN=''
ECHO_C=''
ECHO_N='-n'
ECHO_T=''
EGREP='/usr/bin/grep -E'
EXEEXT=''
FGREP='/usr/bin/grep -F'
GDK_CFLAGS='-pthread -I/usr/include/gtk-3.0 -I/usr/include/gio-unix-2.0 -I/usr/include/cairo -I/usr/include/pango-1.0 -I/usr/include/fribidi -I/usr/include/harfbuzz -I/usr/include/gdk-pixbuf-2.0 -I/usr/include/libmount -I/usr/include/blkid -I/usr/include/cairo -I/usr/include/pixman-1 -I/usr/include/uuid -I/usr/include/freetype2 -I/usr/include/libpng16 -I/usr/include/glib-2.0 -I/usr/lib/x86_64-linux-gnu/glib-2.0/include'
GDK_LIBS='-lgdk-3 -lpangocairo-1.0 -lpango-1.0 -lharfbuzz -lgdk_pixbuf-2.0 -lcairo-gobject -lcairo -lgobject-2.0 -lglib-2.0'
GETTEXT_PACKAGE='klavaro'
GMSGFMT='/usr/bin/msgfmt'
GREP='/usr/bin/grep'
GTKDATABOX_CFLAGS='-pthread -I/usr/local/include -I/usr/include/gtk-3.0 -I/usr/include/at-spi2-atk/2.0 -I/usr/include/at-spi-2.0 -I/usr/include/dbus-1.0 -I/usr/lib/x86_64-linux-gnu/dbus-1.0/include -I/usr/include/gtk-3.0 -I/usr/include/gio-unix-2.0 -I/usr/include/cairo -I/usr/include/pango-1.0 -I/usr/include/atk-1.0 -I/usr/include/cairo -I/usr/include/gdk-pixbuf-2.0 -I/usr/include/libmount -I/usr/include/blkid -I/usr/include/pango-1.0 -I/usr/include/fribidi -I/usr/include/harfbuzz -I/usr/include/cairo -I/usr/include/glib-2.0 -I/usr/lib/x86_64-linux-gnu/glib-2.0/include -I/usr/include/pixman-1 -I/usr/include/uuid -I/usr/include/freetype2 -I/usr/include/libpng16'
GTKDATABOX_LIBS='-L/usr/local/lib -lgtkdatabox -lgtk-3 -lgdk-3 -lpangocairo-1.0 -latk-1.0 -lcairo-gobject -lgdk_pixbuf-2.0 -lgio-2.0 -lpango-1.0 -lgobject-2.0 -lglib-2.0 -lharfbuzz -lcairo'
GTK_CFLAGS='-pthread -I/usr/include/gtk-3.0 -I/usr/include/at-spi2-atk/2.0 -I/usr/include/at-spi-2.0 -I/usr/include/dbus-1.0 -I/usr/lib/x86_64-linux-gnu/dbus-1.0/include -I/usr/include/gtk-3.0 -I/usr/include/gio-unix-2.0 -I/usr/include/cairo -I/usr/include/pango-1.0 -I/usr/include/fribidi -I/usr/include/harfbuzz -I/usr/include/atk-1.0 -I/usr/include/cairo -I/usr/include/pixman-1 -I/usr/include/uuid -I/usr/include/freetype2 -I/usr/include/libpng16 -I/usr/include/gdk-pixbuf-2.0 -I/usr/include/libmount -I/usr/include/blkid -I/usr/include/glib-2.0 -I/usr/lib/x86_64-linux-gnu/glib-2.0/include'
GTK_LIBS='-lgtk-3 -lgdk-3 -lpangocairo-1.0 -lpango-1.0 -lharfbuzz -latk-1.0 -lcairo-gobject -lcairo -lgdk_pixbuf-2.0 -lgio-2.0 -lgobject-2.0 -lglib-2.0'
INSTALL_DATA='${INSTALL} -m 644'
INSTALL_PROGRAM='${INSTALL}'
INSTALL_SCRIPT='${INSTALL}'
INSTALL_STRIP_PROGRAM='$(install_sh) -c -s'
INTLTOOL_CAVES_RULE='%.caves:     %.caves.in     $(INTLTOOL_MERGE) $(wildcard $(top_srcdir)/po/*.po) ; $(INTLTOOL_V_MERGE)LC_ALL=C $(INTLTOOL_MERGE) $(INTLTOOL_V_MERGE_OPTIONS) -d -u -c $(top_builddir)/po/.intltool-merge-cache $(top_srcdir)/po $< $@'
INTLTOOL_DESKTOP_RULE='%.desktop:   %.desktop.in   $(INTLTOOL_MERGE) $(wildcard $(top_srcdir)/po/*.po) ; $(INTLTOOL_V_MERGE)LC_ALL=C $(INTLTOOL_MERGE) $(INTLTOOL_V_MERGE_OPTIONS) -d -u -c $(top_builddir)/po/.intltool-merge-cache $(top_srcdir)/po $< $@'
INTLTOOL_DIRECTORY_RULE='%.directory: %.directory.in $(INTLTOOL_MERGE) $(wildcard $(top_srcdir)/po/*.po) ; $(INTLTOOL_V_MERGE)LC_ALL=C $(INTLTOOL_MERGE) $(INTLTOOL_V_MERGE_OPTIONS) -d -u -c $(top_builddir)/po/.intltool-merge-cache $(top_srcdir)/po $< $@'
INTLTOOL_EXTRACT='/usr/bin/intltool-extract'
INTLTOOL_KBD_RULE='%.kbd:       %.kbd.in       $(INTLTOOL_MERGE) $(wildcard $(top_srcdir)/po/*.po) ; $(INTLTOOL_V_MERGE)LC_ALL=C $(INTLTOOL_MERGE) $(INTLTOOL_V_MERGE_OPTIONS) -x -u -m -c $(top_builddir)/po/.intltool-merge-cache $(top_srcdir)/po $< $@'
INTLTOOL_KEYS_RULE='%.keys:      %.keys.in      $(INTLTOOL_MERGE) $(wildcard $(top_srcdir)/po/*.po) ; $(INTLTOOL_V_MERGE)LC_ALL=C $(INTLTOOL_MERGE) $(INTLTOOL_V_MERGE_OPTIONS) -k -u -c $(top_builddir)/po/.intltool-merge-cache $(top_srcdir)/po $< $@'
INTLTOOL_MERGE='/usr/bin/intltool-merge'
INTLTOOL_OAF_RULE='%.oaf:       %.oaf.in       $(INTLTOOL_MERGE) $(wildcard $(top_srcdir)/po/*.po) ; $(INTLTOOL_V_MERGE)LC_ALL=C $(INTLTOOL_MERGE) $(INTLTOOL_V_MERGE_OPTIONS) -o -p $(top_srcdir)/po $< $@'
INTLTOOL_PERL='/usr/bin/perl'
INTLTOOL_POLICY_RULE='%.policy:    %.policy.in    $(INTLTOOL_MERGE) $(wildcard $(top_srcdir)/po/*.po) ; $(INTLTOOL_V_MERGE)LC_ALL=C $(INTLTOOL_MERGE) $(INTLTOOL_V_MERGE_OPTIONS) -x -u -c $(top_builddir)/po/.intltool-merge-cache $(top_srcdir)/po $< $@'
INTLTOOL_PONG_RULE='%.pong:      %.pong.in      $(INTLTOOL_MERGE) $(wildcard $(top_srcdir)/po/*.po) ; $(INTLTOOL_V_MERGE)LC_ALL=C $(INTLTOOL_MERGE) $(INTLTOOL_V_MERGE_OPTIONS) -x -u -c $(top_builddir)/po/.intltool-merge-cache $(top_srcdir)/po $< $@'
INTLTOOL_PROP_RULE='%.prop:      %.prop.in      $(INTLTOOL_MERGE) $(wildcard $(top_srcdir)/po/*.po) ; $(INTLTOOL_V_MERGE)LC_ALL=C $(INTLTOOL_MERGE) $(INTLTOOL_V_MERGE_OPTIONS) -d -u -c $(top_builddir)/po/.intltool-merge-cache $(top_srcdir)/po $< $@'
INTLTOOL_SCHEMAS_RULE='%.schemas:   %.schemas.in   $(INTLTOOL_MERGE) $(wildcard $(top_srcdir)/po/*.po) ; $(INTLTOOL_V_MERGE)LC_ALL=C $(INTLTOOL_MERGE) $(INTLTOOL_V_MERGE_OPTIONS) -s -u -c $(top_builddir)/po/.intltool-merge-cache $(top_srcdir)/po $< $@'
INTLTOOL_SERVER_RULE='%.server:    %.server.in    $(INTLTOOL_MERGE) $(wildcard $(top_srcdir)/po/*.po) ; $(INTLTOOL_V_MERGE)LC_ALL=C $(INTLTOOL_MERGE) $(INTLTOOL_V_MERGE_OPTIONS) -o -u -c $(top_builddir)/po/.intltool-merge-cache $(top_srcdir)/po $< $@'
INTLTOOL_SERVICE_RULE='%.service: %.service.in   $(INTLTOOL_MERGE) $(wildcard $(top_srcdir)/po/*.po) ; $(INTLTOOL_V_MERGE)LC_ALL=C $(INTLTOOL_MERGE) $(INTLTOOL_V_MERGE_OPTIONS) -d -u -c $(top_builddir)/po/.intltool-merge-cache $(top_srcdir)/po $< $@'
INTLTOOL_SHEET_RULE='%.sheet:     %.sheet.in     $(INTLTOOL_MERGE) $(wildcard $(top_srcdir)/po/*.po) ; $(INTLTOOL_V_MERGE)LC_ALL=C $(INTLTOOL_MERGE) $(INTLTOOL_V_MERGE_OPTIONS) -x -u -c $(top_builddir)/po/.intltool-merge-cache $(top_srcdir)/po $< $@'
INTLTOOL_SOUNDLIST_RULE='%.soundlist: %.soundlist.in $(INTLTOOL_MERGE) $(wildcard $(top_srcdir)/po/*.po) ; $(INTLTOOL_V_MERGE)LC_ALL=C $(INTLTOOL_MERGE) $(INTLTOOL_V_MERGE_OPTIONS) -d -u -c $(top_builddir)/po/.intltool-merge-cache $(top_srcdir)/po $< $@'
INTLTOOL_THEME_RULE='%.theme:     %.theme.in     $(INTLTOOL_MERGE) $(wildcard $(top_srcdir)/po/*.po) ; $(INTLTOOL_V_MERGE)LC_ALL=C $(INTLTOOL_MERGE) $(INTLTOOL_V_MERGE_OPTIONS) -d -u -c $(top_builddir)/po/.intltool-merge-cache $(top_srcdir)/po $< $@'
INTLTOOL_UI_RULE='%.ui:        %.ui.in        $(INTLTOOL_MERGE) $(wildcard $(top_srcdir)/po/*.po) ; $(INTLTOOL_V_MERGE)LC_ALL=C $(INTLTOOL_MERGE) $(INTLTOOL_V_MERGE_OPTIONS) -x -u -c $(top_builddir)/po/.intltool-merge-cache $(top_srcdir)/po $< $@'
INTLTOOL_UPDATE='/usr/bin/intltool-update'
INTLTOOL_V_MERGE='$(INTLTOOL__v_MERGE_$(V))'
INTLTOOL_V_MERGE_OPTIONS='$(intltool__v_merge_options_$(V))'
INTLTOOL_XAM_RULE='%.xam:       %.xml.in       $(INTLTOOL_MERGE) $(wildcard $(top_srcdir)/po/*.po) ; $(INTLTOOL_V_MERGE)LC_ALL=C $(INTLTOOL_MERGE) $(INTLTOOL_V_MERGE_OPTIONS) -x -u -c $(top_builddir)/po/.intltool-merge-cache $(top_srcdir)/po $< $@'
INTLTOOL_XML_NOMERGE_RULE='%.xml:       %.xml.in       $(INTLTOOL_MERGE) ; $(INTLTOOL_V_MERGE)LC_ALL=C $(INTLTOOL_MERGE) $(INTLTOOL_V_MERGE_OPTIONS) -x -u --no-translations $< $@'
INTLTOOL_XML_RULE='%.xml:       %.xml.in       $(INTLTOOL_MERGE) $(wildcard $(top_srcdir)/po/*.po) ; $(INTLTOOL_V_MERGE)LC_ALL=C $(INTLTOOL_MERGE) $(INTLTOOL_V_MERGE_OPTIONS) -x -u -c $(top_builddir)/po/.intltool-merge-cache $(top_srcdir)/po $< $@'
INTLTOOL__v_MERGE_0='@echo "  ITMRG " $@;'
INTLTOOL__v_MERGE_='$(INTLTOOL__v_MERGE_$(AM_DEFAULT_VERBOSITY))'
IS_POSIX_FALSE='#'
IS_POSIX_TRUE=''
IS_WIN_FALSE=''
IS_WIN_TRUE='#'
LD='/usr/bin/ld -m elf_x86_64'
LDFLAGS=''
LIBOBJS=''
LIBS='-lm -lcurl -lgtkdatabox '
LIBTOOL='$(SHELL) $(top_builddir)/libtool'
LIPO=''
LN_S='ln -s'
LTLIBOBJS=''
LT_SYS_LIBRARY_PATH=''
MAKEINFO='${SHELL} '\''/home/jorge/Project/Klavaro-Indonesia-Translation/build-aux/missing'\'' makeinfo'
MANIFEST_TOOL=':'
MKDIR_P='/usr/bin/mkdir -p'
MSGFMT='/usr/bin/msgfmt'
MSGMERGE='/usr/bin/msgmerge'
NM='/usr/bin/nm -B'
NMEDIT=''
OBJDUMP='objdump'
OBJEXT='o'
OTOOL64=''
OTOOL=''
PACKAGE='klavaro'
PACKAGE_BUGREPORT='fefcas.at.gmail.com'
PACKAGE_NAME='klavaro'
PACKAGE_STRING='klavaro 3.14'
PACKAGE_TARNAME='klavaro'
PACKAGE_URL=''
PACKAGE_VERSION='3.14'
PANGO_CFLAGS='-I/usr/include/pango-1.0 -I/usr/include/fribidi -I/usr/include/cairo -I/usr/include/pixman-1 -I/usr/include/uuid -I/usr/include/freetype2 -I/usr/include/libpng16 -I/usr/include/harfbuzz -I/usr/include/glib-2.0 -I/usr/lib/x86_64-linux-gnu/glib-2.0/include'
PANGO_LIBS='-lpango-1.0 -lgobject-2.0 -lglib-2.0 -lharfbuzz'
PATH_SEPARATOR=':'
PKG_CONFIG='/usr/bin/pkg-config'
PKG_CONFIG_LIBDIR=''
PKG_CONFIG_PATH=''
RANLIB='ranlib'
SED='/usr/bin/sed'
SET_MAKE=''
SHELL='/bin/bash'
STRIP='strip'
USE_NLS='yes'
VERSION='3.14'
XGETTEXT='/usr/bin/xgettext'
ac_ct_AR='ar'
ac_ct_CC='gcc'
ac_ct_CXX='g++'
ac_ct_DUMPBIN=''
am__EXEEXT_FALSE=''
am__EXEEXT_TRUE='#'
am__fastdepCC_FALSE='#'
am__fastdepCC_TRUE=''
am__fastdepCXX_FALSE='#'
am__fastdepCXX_TRUE=''
am__include='include'
am__isrc=''
am__leading_dot='.'
am__nodep='_no'
am__quote=''
am__tar='tar --format=ustar -chf - "$$tardir"'
am__untar='tar -xf -'
bindir='${exec_prefix}/bin'
build='x86_64-pc-linux-gnu'
build_alias=''
build_cpu='x86_64'
build_os='linux-gnu'
build_vendor='pc'
datadir='${datarootdir}'
datarootdir='${prefix}/share'
docdir='${datarootdir}/doc/${PACKAGE_TARNAME}'
dvidir='${docdir}'
exec_prefix='${prefix}'
host='x86_64-pc-linux-gnu'
host_alias=''
host_cpu='x86_64'
host_os='linux-gnu'
host_vendor='pc'
htmldir='${docdir}'
includedir='${prefix}/include'
infodir='${datarootdir}/info'
install_sh='${SHELL} /home/jorge/Project/Klavaro-Indonesia-Translation/build-aux/install-sh'
intltool__v_merge_options_0='-q'
intltool__v_merge_options_='$(intltool__v_merge_options_$(AM_DEFAULT_VERBOSITY))'
libdir='${exec_prefix}/lib'
libexecdir='${exec_prefix}/libexec'
localedir='${datarootdir}/locale'
localstatedir='${prefix}/var'
mandir='${datarootdir}/man'
mkdir_p='$(MKDIR_P)'
oldincludedir='/usr/include'
pdfdir='${docdir}'
prefix='/usr/local'
program_transform_name='s,x,x,'
psdir='${docdir}'
runstatedir='${localstatedir}/run'
sbindir='${exec_prefix}/sbin'
sharedstatedir='${prefix}/com'
sysconfdir='${prefix}/etc'
target_alias=''

## ----------- ##
## confdefs.h. ##
## ----------- ##

/* confdefs.h */
#define PACKAGE_NAME "klavaro"
#define PACKAGE_TARNAME "klavaro"
#define PACKAGE_VERSION "3.14"
#define PACKAGE_STRING "klavaro 3.14"
#define PACKAGE_BUGREPORT "fefcas.at.gmail.com"
#define PACKAGE_URL ""
#define PACKAGE "klavaro"
#define VERSION "3.14"
#define STDC_HEADERS 1
#define HAVE_SYS_TYPES_H 1
#define HAVE_SYS_STAT_H 1
#define HAVE_STDLIB_H 1
#define HAVE_STRING_H 1
#define HAVE_MEMORY_H 1
#define HAVE_STRINGS_H 1
#define HAVE_INTTYPES_H 1
#define HAVE_STDINT_H 1
#define HAVE_UNISTD_H 1
#define HAVE_DLFCN_H 1
#define LT_OBJDIR ".libs/"
#define HAVE_LIBINTL_H 1
#define HAVE_CURL_CURL_H 1
#define HAVE_LIBGTKDATABOX 1
#define HAVE_LIBCURL 1
#define HAVE_LIBM 1
#define GETTEXT_PACKAGE "klavaro"
#define ENABLE_NLS "1"

configure: exit 0
